<?xml version="1.0" encoding="UTF-8"?>
<!-- Generated by org.testng.reporters.JUnitReportReporter -->
<testsuite skipped="0" hostname="Olga" name="ngscenario.CucumberJvmTest" tests="3" failures="0" timestamp="10 дек 2018 20:55:13 GMT" time="19.080" errors="0">
  <testcase name="feature" time="11.156" classname="ngscenario.CucumberJvmTest"/>
  <testcase name="feature" time="4.000" classname="ngscenario.CucumberJvmTest"/>
  <testcase name="feature" time="3.924" classname="ngscenario.CucumberJvmTest"/>
</testsuite> <!-- ngscenario.CucumberJvmTest -->
