<?xml version="1.0" encoding="UTF-8"?>
<!-- Generated by org.testng.reporters.JUnitReportReporter -->
<testsuite skipped="0" hostname="Olga" name="pack.CucumberJvmTest" tests="3" failures="0" timestamp="10 дек 2018 20:55:13 GMT" time="0.000" errors="0">
  <testcase name="feature" time="0.000" classname="pack.CucumberJvmTest"/>
  <testcase name="feature" time="0.000" classname="pack.CucumberJvmTest"/>
  <testcase name="feature" time="0.000" classname="pack.CucumberJvmTest"/>
</testsuite> <!-- pack.CucumberJvmTest -->
